<?xml version="1.0" encoding="UTF-8"?>
<!-- Generated by org.testng.reporters.JUnitXMLReporter -->
<testsuite ignored="8" hostname="Krishna-PC" failures="0" tests="1" name="Test1" time="5.837" errors="0" timestamp="2024-02-05T18:14:20 IST">
  <testcase classname="com.syn.runner.RunTest" name="testcasenine" time="2.582"/>
  <testcase classname="com.syn.runner.RunTest" name="testcaseeight" time="0.0">
    <ignored/>
  </testcase> <!-- testcaseeight -->
  <testcase classname="com.syn.runner.RunTest" name="testcaseone" time="0.0">
    <ignored/>
  </testcase> <!-- testcaseone -->
  <testcase classname="com.syn.runner.RunTest" name="testcasefive" time="0.0">
    <ignored/>
  </testcase> <!-- testcasefive -->
  <testcase classname="com.syn.runner.RunTest" name="testcasesix" time="0.0">
    <ignored/>
  </testcase> <!-- testcasesix -->
  <testcase classname="com.syn.runner.RunTest" name="testcaseseven" time="0.0">
    <ignored/>
  </testcase> <!-- testcaseseven -->
  <testcase classname="com.syn.runner.RunTest" name="testcasethree" time="0.0">
    <ignored/>
  </testcase> <!-- testcasethree -->
  <testcase classname="com.syn.runner.RunTest" name="testcasefour" time="0.0">
    <ignored/>
  </testcase> <!-- testcasefour -->
  <testcase classname="com.syn.runner.RunTest" name="testcasetwo" time="0.0">
    <ignored/>
  </testcase> <!-- testcasetwo -->
</testsuite> <!-- Test1 -->
