<?xml version="1.0" encoding="UTF-8"?>
<testng-results ignored="0" total="1" passed="1" failed="0" skipped="0">
  <reporter-output>
  </reporter-output>
  <suite started-at="2024-02-05T18:14:14 IST" name="Suite" finished-at="2024-02-05T18:14:20 IST" duration-ms="5837">
    <groups>
    </groups>
    <test started-at="2024-02-05T18:14:14 IST" name="Test1" finished-at="2024-02-05T18:14:20 IST" duration-ms="5837">
      <class name="com.syn.runner.RunTest">
        <test-method is-config="true" signature="createReport()[pri:0, instance:com.syn.runner.RunTest@a530d0a]" started-at="2024-02-05T18:14:14 IST" name="createReport" finished-at="2024-02-05T18:14:14 IST" duration-ms="342" status="PASS">
          <reporter-output>
          </reporter-output>
        </test-method> <!-- createReport -->
        <test-method is-config="true" signature="openbrowser(java.lang.String)[pri:0, instance:com.syn.runner.RunTest@a530d0a]" started-at="2024-02-05T18:14:14 IST" name="openbrowser" finished-at="2024-02-05T18:14:17 IST" duration-ms="2305" status="PASS">
          <params>
            <param index="0">
              <value>
                <![CDATA[chrome]]>
              </value>
            </param>
          </params>
          <reporter-output>
          </reporter-output>
        </test-method> <!-- openbrowser -->
        <test-method signature="testcasenine()[pri:7, instance:com.syn.runner.RunTest@a530d0a]" started-at="2024-02-05T18:14:17 IST" name="testcasenine" finished-at="2024-02-05T18:14:19 IST" duration-ms="2582" status="PASS">
          <reporter-output>
          </reporter-output>
        </test-method> <!-- testcasenine -->
        <test-method is-config="true" signature="exit()[pri:0, instance:com.syn.runner.RunTest@a530d0a]" started-at="2024-02-05T18:14:19 IST" name="exit" finished-at="2024-02-05T18:14:19 IST" duration-ms="198" status="PASS">
          <reporter-output>
          </reporter-output>
        </test-method> <!-- exit -->
        <test-method is-config="true" signature="generateReport()[pri:0, instance:com.syn.runner.RunTest@a530d0a]" started-at="2024-02-05T18:14:19 IST" name="generateReport" finished-at="2024-02-05T18:14:20 IST" duration-ms="370" status="PASS">
          <reporter-output>
          </reporter-output>
        </test-method> <!-- generateReport -->
      </class> <!-- com.syn.runner.RunTest -->
    </test> <!-- Test1 -->
  </suite> <!-- Suite -->
</testng-results>
